<?xml version="1.0" encoding="UTF-8"?>
<robot generator="Robot 2.9.dev20150605 (Jython 2.7.0 on java1.8.0_45)" generated="20150626 15:53:36.865">
<suite source="c:\RobotFramework\SikuliCalc\SikuliCalc1.robot" name="SikuliCalc1" id="s1">
<test name="Verify that 2 + 2 = 4" id="s1-t1">
<kw library="Remote" name="Start App">
<msg level="TRACE" timestamp="20150626 15:53:38.271">Arguments: [  ]</msg>
<msg level="TRACE" timestamp="20150626 15:53:40.225">Return: b''</msg>
<status endtime="20150626 15:53:40.225" starttime="20150626 15:53:38.271" status="PASS"></status>
</kw>
<kw library="Remote" name="Verify App">
<msg level="TRACE" timestamp="20150626 15:53:40.240">Arguments: [  ]</msg>
<msg level="INFO" timestamp="20150626 15:53:40.287">FAIL: No calculator window</msg>
<msg level="TRACE" timestamp="20150626 15:53:40.287">Return: b''</msg>
<status endtime="20150626 15:53:40.303" starttime="20150626 15:53:40.240" status="PASS"></status>
</kw>
<kw library="Remote" name="Perform Action">
<arguments>
<arg>2</arg>
<arg>+</arg>
<arg>2</arg>
</arguments>
<msg level="TRACE" timestamp="20150626 15:53:40.303">Arguments: [ '2' | '+' | '2' ]</msg>
<msg level="FAIL" timestamp="20150626 15:53:40.381">FindFailed: FindFailed: Region: doFind: Image not loadable: CalcApp.png
  Line 2527, in file Region.java
</msg>
<msg level="DEBUG" timestamp="20150626 15:53:40.381">Traceback (most recent call last):
  File "SikuliRemoteLibrary1.py", line 27, in performAction
    find("CalcApp.png")
</msg>
<status endtime="20150626 15:53:40.381" starttime="20150626 15:53:40.303" status="FAIL"></status>
</kw>
<status critical="yes" endtime="20150626 15:53:40.396" starttime="20150626 15:53:38.271" status="FAIL">FindFailed: FindFailed: Region: doFind: Image not loadable: CalcApp.png
  Line 2527, in file Region.java
</status>
</test>
<test name="Verify that 2 + 2 = 5" id="s1-t2">
<kw library="Remote" name="Start App">
<msg level="TRACE" timestamp="20150626 15:53:40.396">Arguments: [  ]</msg>
<msg level="TRACE" timestamp="20150626 15:53:41.803">Return: b''</msg>
<status endtime="20150626 15:53:41.803" starttime="20150626 15:53:40.396" status="PASS"></status>
</kw>
<kw library="Remote" name="Verify App">
<msg level="TRACE" timestamp="20150626 15:53:41.803">Arguments: [  ]</msg>
<msg level="INFO" timestamp="20150626 15:53:41.834">FAIL: No calculator window</msg>
<msg level="TRACE" timestamp="20150626 15:53:41.834">Return: b''</msg>
<status endtime="20150626 15:53:41.834" starttime="20150626 15:53:41.803" status="PASS"></status>
</kw>
<kw library="Remote" name="Perform Action">
<arguments>
<arg>2</arg>
<arg>+</arg>
<arg>2</arg>
</arguments>
<msg level="TRACE" timestamp="20150626 15:53:41.834">Arguments: [ '2' | '+' | '2' ]</msg>
<msg level="FAIL" timestamp="20150626 15:53:41.881">FindFailed: FindFailed: Region: doFind: Image not loadable: CalcApp.png
  Line 2527, in file Region.java
</msg>
<msg level="DEBUG" timestamp="20150626 15:53:41.881">Traceback (most recent call last):
  File "SikuliRemoteLibrary1.py", line 27, in performAction
    find("CalcApp.png")
</msg>
<status endtime="20150626 15:53:41.897" starttime="20150626 15:53:41.834" status="FAIL"></status>
</kw>
<status critical="yes" endtime="20150626 15:53:41.897" starttime="20150626 15:53:40.396" status="FAIL">FindFailed: FindFailed: Region: doFind: Image not loadable: CalcApp.png
  Line 2527, in file Region.java
</status>
</test>
<status endtime="20150626 15:53:41.912" starttime="20150626 15:53:36.897" status="FAIL"></status>
</suite>
<statistics>
<total>
<stat pass="0" fail="2">Critical Tests</stat>
<stat pass="0" fail="2">All Tests</stat>
</total>
<tag>
</tag>
<suite>
<stat pass="0" fail="2" name="SikuliCalc1" id="s1">SikuliCalc1</stat>
</suite>
</statistics>
<errors>
</errors>
</robot>
